<?xml version="1.0" encoding="UTF-8"?>
<testng-results ignored="0" total="7" passed="7" failed="0" skipped="0">
  <reporter-output>
  </reporter-output>
  <suite started-at="2024-08-09T09:20:02 EDT" name="Default suite" finished-at="2024-08-09T09:20:20 EDT" duration-ms="17941">
    <groups>
      <group name="cucumber">
        <method signature="AbstractTestNGCucumberTests.runScenario(io.cucumber.testng.PickleWrapper,io.cucumber.testng.FeatureWrapper)[pri:0, instance:com.qa.centivo_ep.Runner.Runner_TestNG@47d9a273]" name="runScenario" class="io.cucumber.testng.AbstractTestNGCucumberTests"/>
      </group> <!-- cucumber -->
    </groups>
    <test started-at="2024-08-09T09:20:02 EDT" name="Default test" finished-at="2024-08-09T09:20:20 EDT" duration-ms="17941">
      <class name="com.qa.centivo_ep.Runner.Runner_TestNG">
        <test-method is-config="true" signature="setUpClass(org.testng.ITestContext)[pri:0, instance:com.qa.centivo_ep.Runner.Runner_TestNG@47d9a273]" started-at="2024-08-09T09:20:02 EDT" name="setUpClass" finished-at="2024-08-09T09:20:02 EDT" duration-ms="422" status="PASS">
          <params>
            <param index="0">
              <value>
                <![CDATA[org.testng.TestRunner@19fec3d6]]>
              </value>
            </param>
          </params>
          <reporter-output>
          </reporter-output>
        </test-method> <!-- setUpClass -->
        <test-method signature="runScenario(io.cucumber.testng.PickleWrapper,io.cucumber.testng.FeatureWrapper)[pri:0, instance:com.qa.centivo_ep.Runner.Runner_TestNG@47d9a273]" started-at="2024-08-09T09:20:02 EDT" name="runScenario" description="Runs Cucumber Scenarios" data-provider="scenarios" finished-at="2024-08-09T09:20:07 EDT" duration-ms="4496" status="PASS">
          <params>
            <param index="0">
              <value>
                <![CDATA["Login with valid credentials"]]>
              </value>
            </param>
            <param index="1">
              <value>
                <![CDATA["Login functionality of Centivo Employer Portal"]]>
              </value>
            </param>
          </params>
          <reporter-output>
          </reporter-output>
        </test-method> <!-- runScenario -->
        <test-method signature="runScenario(io.cucumber.testng.PickleWrapper,io.cucumber.testng.FeatureWrapper)[pri:0, instance:com.qa.centivo_ep.Runner.Runner_TestNG@47d9a273]" started-at="2024-08-09T09:20:07 EDT" name="runScenario" description="Runs Cucumber Scenarios" data-provider="scenarios" finished-at="2024-08-09T09:20:09 EDT" duration-ms="1770" status="PASS">
          <params>
            <param index="0">
              <value>
                <![CDATA["Verify login with an Account not created yet"]]>
              </value>
            </param>
            <param index="1">
              <value>
                <![CDATA["Login functionality of Centivo Employer Portal"]]>
              </value>
            </param>
          </params>
          <reporter-output>
          </reporter-output>
        </test-method> <!-- runScenario -->
        <test-method signature="runScenario(io.cucumber.testng.PickleWrapper,io.cucumber.testng.FeatureWrapper)[pri:0, instance:com.qa.centivo_ep.Runner.Runner_TestNG@47d9a273]" started-at="2024-08-09T09:20:09 EDT" name="runScenario" description="Runs Cucumber Scenarios" data-provider="scenarios" finished-at="2024-08-09T09:20:10 EDT" duration-ms="1587" status="PASS">
          <params>
            <param index="0">
              <value>
                <![CDATA["Verify login to employer portal with invalid email"]]>
              </value>
            </param>
            <param index="1">
              <value>
                <![CDATA["Login functionality of Centivo Employer Portal"]]>
              </value>
            </param>
          </params>
          <reporter-output>
          </reporter-output>
        </test-method> <!-- runScenario -->
        <test-method signature="runScenario(io.cucumber.testng.PickleWrapper,io.cucumber.testng.FeatureWrapper)[pri:0, instance:com.qa.centivo_ep.Runner.Runner_TestNG@47d9a273]" started-at="2024-08-09T09:20:10 EDT" name="runScenario" description="Runs Cucumber Scenarios" data-provider="scenarios" finished-at="2024-08-09T09:20:12 EDT" duration-ms="1964" status="PASS">
          <params>
            <param index="0">
              <value>
                <![CDATA["Verify login to employer portal with invalid password"]]>
              </value>
            </param>
            <param index="1">
              <value>
                <![CDATA["Login functionality of Centivo Employer Portal"]]>
              </value>
            </param>
          </params>
          <reporter-output>
          </reporter-output>
        </test-method> <!-- runScenario -->
        <test-method signature="runScenario(io.cucumber.testng.PickleWrapper,io.cucumber.testng.FeatureWrapper)[pri:0, instance:com.qa.centivo_ep.Runner.Runner_TestNG@47d9a273]" started-at="2024-08-09T09:20:12 EDT" name="runScenario" description="Runs Cucumber Scenarios" data-provider="scenarios" finished-at="2024-08-09T09:20:14 EDT" duration-ms="1337" status="PASS">
          <params>
            <param index="0">
              <value>
                <![CDATA["Verify login to employer portal with valid password attempt in the 2nd iteration"]]>
              </value>
            </param>
            <param index="1">
              <value>
                <![CDATA["Login functionality of Centivo Employer Portal"]]>
              </value>
            </param>
          </params>
          <reporter-output>
          </reporter-output>
        </test-method> <!-- runScenario -->
        <test-method signature="runScenario(io.cucumber.testng.PickleWrapper,io.cucumber.testng.FeatureWrapper)[pri:0, instance:com.qa.centivo_ep.Runner.Runner_TestNG@47d9a273]" started-at="2024-08-09T09:20:14 EDT" name="runScenario" description="Runs Cucumber Scenarios" data-provider="scenarios" finished-at="2024-08-09T09:20:16 EDT" duration-ms="2381" status="PASS">
          <params>
            <param index="0">
              <value>
                <![CDATA["Verify login to employer portal with invalid password attempt in the 2nd iteration"]]>
              </value>
            </param>
            <param index="1">
              <value>
                <![CDATA["Login functionality of Centivo Employer Portal"]]>
              </value>
            </param>
          </params>
          <reporter-output>
          </reporter-output>
        </test-method> <!-- runScenario -->
        <test-method signature="runScenario(io.cucumber.testng.PickleWrapper,io.cucumber.testng.FeatureWrapper)[pri:0, instance:com.qa.centivo_ep.Runner.Runner_TestNG@47d9a273]" started-at="2024-08-09T09:20:16 EDT" name="runScenario" description="Runs Cucumber Scenarios" data-provider="scenarios" finished-at="2024-08-09T09:20:18 EDT" duration-ms="1709" status="PASS">
          <params>
            <param index="0">
              <value>
                <![CDATA["Verify Next button enablement with valid password attempt in the 3rd iteration"]]>
              </value>
            </param>
            <param index="1">
              <value>
                <![CDATA["Login functionality of Centivo Employer Portal"]]>
              </value>
            </param>
          </params>
          <reporter-output>
          </reporter-output>
        </test-method> <!-- runScenario -->
        <test-method is-config="true" signature="tearDownClass()[pri:0, instance:com.qa.centivo_ep.Runner.Runner_TestNG@47d9a273]" started-at="2024-08-09T09:20:18 EDT" name="tearDownClass" finished-at="2024-08-09T09:20:20 EDT" duration-ms="2246" status="PASS">
          <reporter-output>
          </reporter-output>
        </test-method> <!-- tearDownClass -->
      </class> <!-- com.qa.centivo_ep.Runner.Runner_TestNG -->
    </test> <!-- Default test -->
  </suite> <!-- Default suite -->
</testng-results>
